TN:
SF:src\database\mongoConfig.js
FN:5,connect
FNF:1
FNH:1
FNDA:1,connect
DA:1,1
DA:2,1
DA:3,1
DA:4,1
DA:5,1
DA:6,1
DA:7,1
DA:8,1
DA:9,1
DA:10,1
DA:11,1
DA:12,1
DA:13,0
DA:14,0
DA:15,1
DA:16,1
DA:17,1
DA:18,1
LF:18
LH:16
BRDA:5,0,0,1
BRDA:12,1,0,0
BRF:2
BRH:1
end_of_record
TN:
SF:src\exception\BadRequestException.js
FNF:0
FNH:0
DA:1,1
DA:2,1
LF:2
LH:2
BRF:0
BRH:0
end_of_record
TN:
SF:src\exception\ConflictException.js
FNF:0
FNH:0
DA:1,1
DA:2,1
LF:2
LH:2
BRF:0
BRH:0
end_of_record
TN:
SF:src\helpers\bcryptHelpers.js
FN:3,Object.<anonymous>.exports.hasPassword
FNF:1
FNH:1
FNDA:1,Object.<anonymous>.exports.hasPassword
DA:1,1
DA:2,1
DA:3,1
DA:4,1
DA:5,1
DA:6,1
DA:7,1
DA:8,1
DA:9,1
LF:9
LH:9
BRDA:3,0,0,1
BRF:1
BRH:1
end_of_record
TN:
SF:src\helpers\validationHelpers.js
FN:1,isEmptyOrNull
FN:2,isEmpty
FNF:2
FNH:2
FNDA:5,isEmptyOrNull
FNDA:4,isEmpty
DA:1,1
DA:2,1
DA:3,1
DA:4,1
DA:5,1
DA:6,1
DA:7,1
LF:7
LH:7
BRDA:1,0,0,5
BRDA:2,1,0,4
BRF:2
BRH:2
end_of_record
TN:
SF:src\models\Users.js
FNF:0
FNH:0
DA:1,1
DA:2,1
DA:3,1
DA:4,1
DA:5,1
DA:6,1
DA:7,1
DA:8,1
DA:9,1
DA:10,1
DA:11,1
DA:12,1
DA:13,1
DA:14,1
DA:15,1
DA:16,1
DA:17,1
DA:18,1
DA:19,1
DA:20,1
DA:21,1
DA:22,1
DA:23,1
DA:24,1
DA:25,1
LF:25
LH:25
BRF:0
BRH:0
end_of_record
TN:
SF:src\service\userService.js
FN:15,createUser
FN:34,loginUser
FN:51,listUsers
FN:55,listUserById
FN:62,deleteUser
FN:67,isRequireBody
FN:77,isValidationEmail
FN:89,isValidationPassword
FN:104,isValidationDisplayName
FN:116,conflictUser
FN:121,createToken
FNF:11
FNH:8
FNDA:1,createUser
FNDA:0,loginUser
FNDA:0,listUsers
FNDA:1,listUserById
FNDA:0,deleteUser
FNDA:2,isRequireBody
FNDA:2,isValidationEmail
FNDA:2,isValidationPassword
FNDA:1,isValidationDisplayName
FNDA:1,conflictUser
FNDA:1,createToken
DA:1,1
DA:2,1
DA:3,1
DA:4,1
DA:5,1
DA:6,1
DA:7,1
DA:8,1
DA:9,1
DA:10,1
DA:11,1
DA:12,1
DA:13,1
DA:14,1
DA:15,1
DA:16,1
DA:17,1
DA:18,1
DA:19,1
DA:20,1
DA:21,1
DA:22,1
DA:23,1
DA:24,1
DA:25,1
DA:26,1
DA:27,1
DA:28,1
DA:29,1
DA:30,1
DA:31,1
DA:32,1
DA:33,1
DA:34,1
DA:35,0
DA:36,0
DA:37,0
DA:38,0
DA:39,0
DA:40,0
DA:41,0
DA:42,0
DA:43,0
DA:44,0
DA:45,0
DA:46,0
DA:47,0
DA:48,0
DA:49,0
DA:50,1
DA:51,1
DA:52,0
DA:53,0
DA:54,1
DA:55,1
DA:56,1
DA:57,1
DA:58,1
DA:59,1
DA:60,1
DA:61,1
DA:62,1
DA:63,0
DA:64,0
DA:65,0
DA:66,1
DA:67,1
DA:68,2
DA:69,2
DA:70,2
DA:71,2
DA:72,2
DA:73,2
DA:74,2
DA:75,2
DA:76,1
DA:77,1
DA:78,2
DA:79,2
DA:80,2
DA:81,2
DA:82,2
DA:83,2
DA:84,2
DA:85,2
DA:86,2
DA:87,2
DA:88,1
DA:89,1
DA:90,2
DA:91,2
DA:92,2
DA:93,2
DA:94,2
DA:95,2
DA:96,2
DA:97,2
DA:98,2
DA:99,2
DA:100,2
DA:101,2
DA:102,2
DA:103,1
DA:104,1
DA:105,1
DA:106,1
DA:107,1
DA:108,1
DA:109,1
DA:110,1
DA:111,1
DA:112,1
DA:113,1
DA:114,1
DA:115,1
DA:116,1
DA:117,1
DA:118,1
DA:119,1
DA:120,1
DA:121,1
DA:122,1
DA:123,1
DA:124,1
DA:125,1
DA:126,1
DA:127,1
DA:128,1
DA:129,1
DA:130,1
DA:131,1
DA:132,1
DA:133,1
DA:134,1
DA:135,1
DA:136,1
DA:137,1
DA:138,1
LF:138
LH:118
BRDA:15,0,0,1
BRDA:55,1,0,1
BRDA:58,2,0,0
BRDA:67,3,0,2
BRDA:77,4,0,2
BRDA:79,5,0,0
BRDA:82,6,0,0
BRDA:85,7,0,0
BRDA:89,8,0,2
BRDA:91,9,0,0
BRDA:94,10,0,0
BRDA:97,11,0,0
BRDA:104,12,0,1
BRDA:106,13,0,0
BRDA:109,14,0,0
BRDA:116,15,0,1
BRDA:118,16,0,0
BRDA:121,17,0,1
BRF:18
BRH:8
end_of_record
